Thu 10 Nov 2022 12:30:53 AM UTC: 
 tests:  0|5
total_score: 0/70
0ab0802
Thu 10 Nov 2022 12:32:52 AM UTC: 
 sudoku.c | 6 +++++-
 1 file changed, 5 insertions(+), 1 deletion(-)
In file included from test.c:5:
sudoku.c: In function ‘get_adj_nodes’:
sudoku.c:56:21: error: unused variable ‘comp’ [-Werror=unused-variable]
   56 |   int l = 0, m = 0, comp = 0;
      |                     ^~~~
sudoku.c:56:14: error: unused variable ‘m’ [-Werror=unused-variable]
   56 |   int l = 0, m = 0, comp = 0;
      |              ^
sudoku.c:56:7: error: unused variable ‘l’ [-Werror=unused-variable]
   56 |   int l = 0, m = 0, comp = 0;
      |       ^
cc1: all warnings being treated as errors
Compilation failed
ca010d6
Thu 10 Nov 2022 12:33:22 AM UTC: 
 sudoku.c | 4 +++-
 1 file changed, 3 insertions(+), 1 deletion(-)
In file included from test.c:5:
sudoku.c: In function ‘get_adj_nodes’:
sudoku.c:59:17: error: ‘j’ undeclared (first use in this function)
   59 |   for(int k=0 ; j<9 ; j++)
      |                 ^
sudoku.c:59:17: note: each undeclared identifier is reported only once for each function it appears in
sudoku.c:59:11: error: unused variable ‘k’ [-Werror=unused-variable]
   59 |   for(int k=0 ; j<9 ; j++)
      |           ^
test.c:245:5: error: ‘main’ is normally a non-static function [-Werror=main]
  245 | int main( int argc, char *argv[] ) {
      |     ^~~~
test.c:262:1: error: expected declaration or statement at end of input
  262 | }
      | ^
In file included from test.c:5:
sudoku.c:56:21: error: unused variable ‘comp’ [-Werror=unused-variable]
   56 |   int l = 0, m = 0, comp = 0;
      |                     ^~~~
sudoku.c:56:14: error: unused variable ‘m’ [-Werror=unused-variable]
   56 |   int l = 0, m = 0, comp = 0;
      |              ^
sudoku.c:56:7: error: unused variable ‘l’ [-Werror=unused-variable]
   56 |   int l = 0, m = 0, comp = 0;
      |       ^
test.c:262: error: control reaches end of non-void function [-Werror=return-type]
  262 | }
      | 
At top level:
test.c:245:5: error: ‘main’ defined but not used [-Werror=unused-function]
  245 | int main( int argc, char *argv[] ) {
      |     ^~~~
test.c:7:8: error: ‘_strdup’ defined but not used [-Werror=unused-function]
    7 | char * _strdup(const char * str) {
      |        ^~~~~~~
cc1: all warnings being treated as errors
Compilation failed
6c41f83
Thu 10 Nov 2022 12:33:27 AM UTC: 
 sudoku.c | 2 +-
 1 file changed, 1 insertion(+), 1 deletion(-)
In file included from test.c:5:
sudoku.c: In function ‘get_adj_nodes’:
sudoku.c:59:17: error: ‘j’ undeclared (first use in this function)
   59 |   for(int k=0 ; j<9 ; j++):
      |                 ^
sudoku.c:59:17: note: each undeclared identifier is reported only once for each function it appears in
sudoku.c:59:27: error: expected expression before ‘:’ token
   59 |   for(int k=0 ; j<9 ; j++):
      |                           ^
sudoku.c:59:11: error: unused variable ‘k’ [-Werror=unused-variable]
   59 |   for(int k=0 ; j<9 ; j++):
      |           ^
test.c:245:5: error: ‘main’ is normally a non-static function [-Werror=main]
  245 | int main( int argc, char *argv[] ) {
      |     ^~~~
test.c:262:1: error: expected declaration or statement at end of input
  262 | }
      | ^
In file included from test.c:5:
sudoku.c:56:21: error: unused variable ‘comp’ [-Werror=unused-variable]
   56 |   int l = 0, m = 0, comp = 0;
      |                     ^~~~
sudoku.c:56:14: error: unused variable ‘m’ [-Werror=unused-variable]
   56 |   int l = 0, m = 0, comp = 0;
      |              ^
sudoku.c:56:7: error: unused variable ‘l’ [-Werror=unused-variable]
   56 |   int l = 0, m = 0, comp = 0;
      |       ^
sudoku.c:54:9: error: unused variable ‘list’ [-Werror=unused-variable]
   54 |   List* list=createList();
      |         ^~~~
test.c:262: error: control reaches end of non-void function [-Werror=return-type]
  262 | }
      | 
At top level:
test.c:245:5: error: ‘main’ defined but not used [-Werror=unused-function]
  245 | int main( int argc, char *argv[] ) {
      |     ^~~~
test.c:7:8: error: ‘_strdup’ defined but not used [-Werror=unused-function]
    7 | char * _strdup(const char * str) {
      |        ^~~~~~~
cc1: all warnings being treated as errors
Compilation failed
2e10f5d
Thu 10 Nov 2022 12:33:59 AM UTC: 
 sudoku.c | 10 +++++++++-
 1 file changed, 9 insertions(+), 1 deletion(-)
In file included from test.c:5:
sudoku.c: In function ‘get_adj_nodes’:
sudoku.c:64:13: error: expected ‘;’ before ‘break’
   64 |     comp = 1
      |             ^
      |             ;
   65 |     break;
      |     ~~~~~    
test.c:245:5: error: ‘main’ is normally a non-static function [-Werror=main]
  245 | int main( int argc, char *argv[] ) {
      |     ^~~~
test.c:262:1: error: expected declaration or statement at end of input
  262 | }
      | ^
test.c:262:1: error: expected declaration or statement at end of input
In file included from test.c:5:
sudoku.c:56:21: error: variable ‘comp’ set but not used [-Werror=unused-but-set-variable]
   56 |   int l = 0, m = 0, comp = 0;
      |                     ^~~~
sudoku.c:56:14: error: variable ‘m’ set but not used [-Werror=unused-but-set-variable]
   56 |   int l = 0, m = 0, comp = 0;
      |              ^
sudoku.c:56:7: error: variable ‘l’ set but not used [-Werror=unused-but-set-variable]
   56 |   int l = 0, m = 0, comp = 0;
      |       ^
test.c:262: error: control reaches end of non-void function [-Werror=return-type]
  262 | }
      | 
At top level:
test.c:245:5: error: ‘main’ defined but not used [-Werror=unused-function]
  245 | int main( int argc, char *argv[] ) {
      |     ^~~~
test.c:7:8: error: ‘_strdup’ defined but not used [-Werror=unused-function]
    7 | char * _strdup(const char * str) {
      |        ^~~~~~~
cc1: all warnings being treated as errors
Compilation failed
554c640
Thu 10 Nov 2022 12:35:02 AM UTC: 
 sudoku.c | 4 +++-
 1 file changed, 3 insertions(+), 1 deletion(-)
In file included from test.c:5:
sudoku.c: In function ‘get_adj_nodes’:
sudoku.c:65:13: error: expected ‘;’ before ‘break’
   65 |     comp = 1
      |             ^
      |             ;
   66 |     break;
      |     ~~~~~    
test.c:245:5: error: ‘main’ is normally a non-static function [-Werror=main]
  245 | int main( int argc, char *argv[] ) {
      |     ^~~~
test.c:262:1: error: expected declaration or statement at end of input
  262 | }
      | ^
In file included from test.c:5:
sudoku.c:56:21: error: variable ‘comp’ set but not used [-Werror=unused-but-set-variable]
   56 |   int l = 0, m = 0, comp = 0;
      |                     ^~~~
sudoku.c:56:14: error: variable ‘m’ set but not used [-Werror=unused-but-set-variable]
   56 |   int l = 0, m = 0, comp = 0;
      |              ^
sudoku.c:56:7: error: variable ‘l’ set but not used [-Werror=unused-but-set-variable]
   56 |   int l = 0, m = 0, comp = 0;
      |       ^
test.c:262: error: control reaches end of non-void function [-Werror=return-type]
  262 | }
      | 
At top level:
test.c:245:5: error: ‘main’ defined but not used [-Werror=unused-function]
  245 | int main( int argc, char *argv[] ) {
      |     ^~~~
test.c:7:8: error: ‘_strdup’ defined but not used [-Werror=unused-function]
    7 | char * _strdup(const char * str) {
      |        ^~~~~~~
cc1: all warnings being treated as errors
Compilation failed
630a451
Thu 10 Nov 2022 12:35:05 AM UTC: 
 sudoku.c | 2 +-
 1 file changed, 1 insertion(+), 1 deletion(-)
test.c: In function ‘get_adj_nodes’:
test.c:245:5: error: ‘main’ is normally a non-static function [-Werror=main]
  245 | int main( int argc, char *argv[] ) {
      |     ^~~~
test.c:262:1: error: expected declaration or statement at end of input
  262 | }
      | ^
In file included from test.c:5:
sudoku.c:56:21: error: variable ‘comp’ set but not used [-Werror=unused-but-set-variable]
   56 |   int l = 0, m = 0, comp = 0;
      |                     ^~~~
sudoku.c:56:14: error: variable ‘m’ set but not used [-Werror=unused-but-set-variable]
   56 |   int l = 0, m = 0, comp = 0;
      |              ^
sudoku.c:56:7: error: variable ‘l’ set but not used [-Werror=unused-but-set-variable]
   56 |   int l = 0, m = 0, comp = 0;
      |       ^
test.c:262: error: control reaches end of non-void function [-Werror=return-type]
  262 | }
      | 
At top level:
test.c:245:5: error: ‘main’ defined but not used [-Werror=unused-function]
  245 | int main( int argc, char *argv[] ) {
      |     ^~~~
test.c:7:8: error: ‘_strdup’ defined but not used [-Werror=unused-function]
    7 | char * _strdup(const char * str) {
      |        ^~~~~~~
cc1: all warnings being treated as errors
Compilation failed
bb1e636
Thu 10 Nov 2022 12:37:25 AM UTC: 
 sudoku.c | 12 ++++++++++++
 1 file changed, 12 insertions(+)
 tests:  2|4
total_score: 15/70
01a0d2c
Thu 10 Nov 2022 12:38:31 AM UTC: 
 sudoku.c | 3 ++-
 1 file changed, 2 insertions(+), 1 deletion(-)
 tests:  2|4
total_score: 15/70
69e2f07
Thu 10 Nov 2022 12:40:52 AM UTC: 
 sudoku.c | 20 ++++++++++++++++++++
 1 file changed, 20 insertions(+)
test.c: In function ‘is_valid’:
test.c:245:5: error: ‘main’ is normally a non-static function [-Werror=main]
  245 | int main( int argc, char *argv[] ) {
      |     ^~~~
test.c:262:1: error: expected declaration or statement at end of input
  262 | }
      | ^
In file included from test.c:5:
sudoku.c:51:7: error: unused variable ‘marked_c’ [-Werror=unused-variable]
   51 |   int marked_c[10] = {0,0,0,0,0,0,0,0,0,0};
      |       ^~~~~~~~
test.c:262:1: error: expected declaration or statement at end of input
  262 | }
      | ^
test.c:262: error: control reaches end of non-void function [-Werror=return-type]
  262 | }
      | 
At top level:
test.c:245:5: error: ‘main’ defined but not used [-Werror=unused-function]
  245 | int main( int argc, char *argv[] ) {
      |     ^~~~
test.c:7:8: error: ‘_strdup’ defined but not used [-Werror=unused-function]
    7 | char * _strdup(const char * str) {
      |        ^~~~~~~
cc1: all warnings being treated as errors
Compilation failed
08fb4f4
Thu 10 Nov 2022 12:42:01 AM UTC: 
 sudoku.c | 14 ++++++++++++++
 1 file changed, 14 insertions(+)
In file included from test.c:5:
sudoku.c: In function ‘is_valid’:
sudoku.c:71:33: error: expected ‘;’ before ‘}’ token
   71 |      marked_c[n->sudo[j][i]] = 1
      |                                 ^
      |                                 ;
   72 |         }
      |         ~                        
Compilation failed
f097993
Thu 10 Nov 2022 12:42:08 AM UTC: 
 sudoku.c | 2 +-
 1 file changed, 1 insertion(+), 1 deletion(-)
 tests:  5|3
total_score: 35/70
81a57e4
Thu 10 Nov 2022 12:43:39 AM UTC: 
 sudoku.c | 22 ++++++++++++++++++++--
 1 file changed, 20 insertions(+), 2 deletions(-)
 tests:  6|2
total_score: 45/70
ce45c65
Thu 10 Nov 2022 12:44:02 AM UTC: 
 sudoku.c | 3 ++-
 1 file changed, 2 insertions(+), 1 deletion(-)
 tests:  6|2
total_score: 45/70
dafedad
Thu 10 Nov 2022 12:44:15 AM UTC: 
 sudoku.c | 2 +-
 1 file changed, 1 insertion(+), 1 deletion(-)
In file included from test.c:5:
sudoku.c: In function ‘is_final’:
sudoku.c:139:1: error: control reaches end of non-void function [-Werror=return-type]
  139 | }
      | ^
cc1: all warnings being treated as errors
Compilation failed
aae0890
Thu 10 Nov 2022 12:44:20 AM UTC: 
 sudoku.c | 2 +-
 1 file changed, 1 insertion(+), 1 deletion(-)
In file included from test.c:5:
sudoku.c: In function ‘is_final’:
sudoku.c:139:1: error: control reaches end of non-void function [-Werror=return-type]
  139 | }
      | ^
cc1: all warnings being treated as errors
Compilation failed
879abd4
Thu 10 Nov 2022 12:45:10 AM UTC: 
 sudoku.c | 9 +++++++++
 1 file changed, 9 insertions(+)
In file included from test.c:5:
sudoku.c: In function ‘is_final’:
sudoku.c:145:23: error: ‘j’ undeclared (first use in this function)
  145 |         if(n->sudo[i][j]==0)
      |                       ^
sudoku.c:145:23: note: each undeclared identifier is reported only once for each function it appears in
sudoku.c:148:1: error: control reaches end of non-void function [-Werror=return-type]
  148 | }
      | ^
cc1: all warnings being treated as errors
Compilation failed
f2136d3
Thu 10 Nov 2022 12:45:32 AM UTC: 
 sudoku.c | 4 ++--
 1 file changed, 2 insertions(+), 2 deletions(-)
In file included from test.c:5:
sudoku.c: In function ‘is_final’:
sudoku.c:148:1: error: control reaches end of non-void function [-Werror=return-type]
  148 | }
      | ^
cc1: all warnings being treated as errors
Compilation failed
1c1b770
Thu 10 Nov 2022 12:45:54 AM UTC: 
 sudoku.c | 2 +-
 1 file changed, 1 insertion(+), 1 deletion(-)
 tests:  7|1
total_score: 55/70
d57642d
Thu 10 Nov 2022 12:46:06 AM UTC: 
 sudoku.c | 5 +++--
 1 file changed, 3 insertions(+), 2 deletions(-)
In file included from test.c:5:
sudoku.c: In function ‘DFS’:
sudoku.c:153:1: error: control reaches end of non-void function [-Werror=return-type]
  153 | }
      | ^
cc1: all warnings being treated as errors
Compilation failed
c0b3fa6
Thu 10 Nov 2022 12:57:34 AM UTC: 
 sudoku.c | 2 +-
 1 file changed, 1 insertion(+), 1 deletion(-)
In file included from test.c:5:
sudoku.c: In function ‘is_final’:
sudoku.c:147:11: error: expected ‘;’ before ‘}’ token
  147 |   return 1
      |           ^
      |           ;
  148 | }
      | ~          
sudoku.c: In function ‘DFS’:
sudoku.c:153:1: error: control reaches end of non-void function [-Werror=return-type]
  153 | }
      | ^
cc1: all warnings being treated as errors
Compilation failed
71d7f38
Thu 10 Nov 2022 12:57:46 AM UTC: 
 sudoku.c | 2 +-
 1 file changed, 1 insertion(+), 1 deletion(-)
In file included from test.c:5:
sudoku.c: In function ‘DFS’:
sudoku.c:153:1: error: control reaches end of non-void function [-Werror=return-type]
  153 | }
      | ^
cc1: all warnings being treated as errors
Compilation failed
de280d9
Thu 10 Nov 2022 01:01:59 AM UTC: 
 sudoku.c | 3 +++
 1 file changed, 3 insertions(+)
In file included from test.c:5:
sudoku.c: In function ‘DFS’:
sudoku.c:156:1: error: control reaches end of non-void function [-Werror=return-type]
  156 | }
      | ^
cc1: all warnings being treated as errors
Compilation failed
7ff586f
